<?xml version="1.0" encoding="UTF-8"?>
<!-- Generated by org.testng.reporters.JUnitReportReporter -->
<testsuite name="testcases.VerifyCreateOppertunity" tests="1" time="20.582" ignored="0" failures="0" timestamp="21 May 2021 22:30:03 GMT" skipped="0" hostname="snigdhas-air.lan" errors="0">
  <testcase name="tc19QuaterlySummery" time="20.582" classname="testcases.VerifyCreateOppertunity"/>
</testsuite> <!-- testcases.VerifyCreateOppertunity -->
