<?xml version="1.0" encoding="UTF-8"?>
<!-- Generated by org.testng.reporters.JUnitReportReporter -->
<testsuite name="testcases.VerifyLeads" tests="1" time="12.306" ignored="3" failures="0" timestamp="23 May 2021 04:22:46 GMT" skipped="0" hostname="snigdhas-air.lan" errors="0">
  <testcase name="tc23LeadsTab" time="12.306" classname="testcases.VerifyLeads"/>
  <testcase name="tc20LeadsTab" classname="testcases.VerifyLeads">
    <skipped/>
  </testcase> <!-- tc20LeadsTab -->
  <testcase name="tc22LeadsGo" classname="testcases.VerifyLeads">
    <skipped/>
  </testcase> <!-- tc22LeadsGo -->
  <testcase name="tc21LeadsSelectView" classname="testcases.VerifyLeads">
    <skipped/>
  </testcase> <!-- tc21LeadsSelectView -->
</testsuite> <!-- testcases.VerifyLeads -->
