<?xml version="1.0" encoding="UTF-8"?>
<!-- Generated by org.testng.reporters.JUnitReportReporter -->
<testsuite name="testcases.VerifyLogin" tests="4" time="39.073" ignored="2" failures="0" timestamp="09 May 2021 05:08:43 GMT" skipped="0" hostname="snigdhas-air.lan" errors="0">
  <testcase name="tc02LoginToSF" time="5.287" classname="testcases.VerifyLogin"/>
  <testcase name="tc04Forgotpass" time="5.944" classname="testcases.VerifyLogin"/>
  <testcase name="tc03RememberMe" time="12.274" classname="testcases.VerifyLogin"/>
  <testcase name="tc01login" time="15.568" classname="testcases.VerifyLogin"/>
  <testcase name="setup" classname="baseclass.BaseTest">
    <skipped/>
  </testcase> <!-- setup -->
  <testcase name="tearDown" classname="baseclass.BaseTest">
    <skipped/>
  </testcase> <!-- tearDown -->
</testsuite> <!-- testcases.VerifyLogin -->
