<?xml version="1.0" encoding="UTF-8"?>
<!-- Generated by org.testng.reporters.JUnitReportReporter -->
<testsuite name="testcases.VerifyUserMenu" tests="1" time="15.331" ignored="0" failures="0" timestamp="09 May 2021 07:38:09 GMT" skipped="0" hostname="snigdhas-air.lan" errors="0">
  <testcase name="tc07Mysettings" time="15.331" classname="testcases.VerifyUserMenu"/>
</testsuite> <!-- testcases.VerifyUserMenu -->
