<?xml version="1.0" encoding="UTF-8"?>
<!-- Generated by org.testng.reporters.JUnitReportReporter -->
<testsuite name="testcases.VerifyCreateOppertunity" tests="1" time="40.620" ignored="0" failures="0" timestamp="10 May 2021 16:48:05 GMT" skipped="0" hostname="snigdhas-air.lan" errors="0">
  <testcase name="tc16CreateNewOptny" time="40.620" classname="testcases.VerifyCreateOppertunity"/>
</testsuite> <!-- testcases.VerifyCreateOppertunity -->
