<?xml version="1.0" encoding="UTF-8"?>
<!-- Generated by org.testng.reporters.JUnitReportReporter -->
<testsuite name="testcases.VerifyLogin" tests="4" time="38.548" ignored="4" failures="0" timestamp="14 May 2021 13:10:25 GMT" skipped="0" hostname="snigdhas-air.lan" errors="0">
  <testcase name="tc01login" time="18.173" classname="testcases.VerifyLogin"/>
  <testcase name="tc02LoginToSF" time="4.803" classname="testcases.VerifyLogin"/>
  <testcase name="tc03RememberMe" time="11.531" classname="testcases.VerifyLogin"/>
  <testcase name="tc04Forgotpass" time="4.041" classname="testcases.VerifyLogin"/>
  <testcase name="setup" classname="baseclass.BaseTest">
    <skipped/>
  </testcase> <!-- setup -->
  <testcase name="setup" classname="baseclass.BaseTest">
    <skipped/>
  </testcase> <!-- setup -->
  <testcase name="tearDown" classname="baseclass.BaseTest">
    <skipped/>
  </testcase> <!-- tearDown -->
  <testcase name="tearDown" classname="baseclass.BaseTest">
    <skipped/>
  </testcase> <!-- tearDown -->
</testsuite> <!-- testcases.VerifyLogin -->
