<?xml version="1.0" encoding="UTF-8"?>
<!-- Generated by org.testng.reporters.JUnitReportReporter -->
<testsuite name="testcases.VerifyUserMenu" tests="1" time="10.378" ignored="0" failures="0" timestamp="08 May 2021 16:31:33 GMT" skipped="0" hostname="snigdhas-air.lan" errors="0">
  <testcase name="verifyUsermenuDropdown" time="10.378" classname="testcases.VerifyUserMenu"/>
</testsuite> <!-- testcases.VerifyUserMenu -->
