<?xml version="1.0" encoding="UTF-8"?>
<!-- Generated by org.testng.reporters.JUnitReportReporter -->
<testsuite name="testcases.VerifyLogin" tests="4" time="38.141" ignored="2" failures="0" timestamp="10 May 2021 00:19:04 GMT" skipped="0" hostname="snigdhas-air.lan" errors="0">
  <testcase name="tc04Forgotpass" time="4.290" classname="testcases.VerifyLogin"/>
  <testcase name="tc02LoginToSF" time="5.059" classname="testcases.VerifyLogin"/>
  <testcase name="tc03RememberMe" time="11.789" classname="testcases.VerifyLogin"/>
  <testcase name="tc01login" time="17.003" classname="testcases.VerifyLogin"/>
  <testcase name="setup" classname="baseclass.BaseTest">
    <skipped/>
  </testcase> <!-- setup -->
  <testcase name="tearDown" classname="baseclass.BaseTest">
    <skipped/>
  </testcase> <!-- tearDown -->
</testsuite> <!-- testcases.VerifyLogin -->
