<?xml version="1.0" encoding="UTF-8"?>
<!-- Generated by org.testng.reporters.JUnitReportReporter -->
<testsuite name="testcases.VerifyLogin" tests="1" time="6.276" ignored="3" failures="0" timestamp="07 May 2021 14:13:51 GMT" skipped="0" hostname="snigdhas-air.lan" errors="0">
  <testcase name="forgotpass" time="6.276" classname="testcases.VerifyLogin"/>
  <testcase name="loginToSF" classname="testcases.VerifyLogin">
    <skipped/>
  </testcase> <!-- loginToSF -->
  <testcase name="login" classname="testcases.VerifyLogin">
    <skipped/>
  </testcase> <!-- login -->
  <testcase name="rememberMe" classname="testcases.VerifyLogin">
    <skipped/>
  </testcase> <!-- rememberMe -->
</testsuite> <!-- testcases.VerifyLogin -->
