<?xml version="1.0" encoding="UTF-8"?>
<!-- Generated by org.testng.reporters.JUnitReportReporter -->
<testsuite name="testcases.VerifyUserMenu" tests="4" time="45.951" ignored="2" failures="0" timestamp="10 May 2021 00:19:04 GMT" skipped="0" hostname="snigdhas-air.lan" errors="0">
  <testcase name="tc05verifyUsermenuDropdown" time="10.645" classname="testcases.VerifyUserMenu"/>
  <testcase name="tc07Mysettings" time="12.884" classname="testcases.VerifyUserMenu"/>
  <testcase name="tc08DeveloperConsole" time="11.320" classname="testcases.VerifyUserMenu"/>
  <testcase name="tc09Logout" time="11.102" classname="testcases.VerifyUserMenu"/>
  <testcase name="setup" classname="baseclass.BaseTest">
    <skipped/>
  </testcase> <!-- setup -->
  <testcase name="tearDown" classname="baseclass.BaseTest">
    <skipped/>
  </testcase> <!-- tearDown -->
</testsuite> <!-- testcases.VerifyUserMenu -->
