<?xml version="1.0" encoding="UTF-8"?>
<!-- Generated by org.testng.reporters.JUnitReportReporter -->
<testsuite name="testcases.VerifyUserMenu" tests="4" time="52.768" ignored="4" failures="0" timestamp="14 May 2021 13:10:25 GMT" skipped="0" hostname="snigdhas-air.lan" errors="0">
  <testcase name="tc08DeveloperConsole" time="11.915" classname="testcases.VerifyUserMenu"/>
  <testcase name="tc07Mysettings" time="19.579" classname="testcases.VerifyUserMenu"/>
  <testcase name="tc09Logout" time="10.974" classname="testcases.VerifyUserMenu"/>
  <testcase name="tc05verifyUsermenuDropdown" time="10.300" classname="testcases.VerifyUserMenu"/>
  <testcase name="setup" classname="baseclass.BaseTest">
    <skipped/>
  </testcase> <!-- setup -->
  <testcase name="setup" classname="baseclass.BaseTest">
    <skipped/>
  </testcase> <!-- setup -->
  <testcase name="tearDown" classname="baseclass.BaseTest">
    <skipped/>
  </testcase> <!-- tearDown -->
  <testcase name="tearDown" classname="baseclass.BaseTest">
    <skipped/>
  </testcase> <!-- tearDown -->
</testsuite> <!-- testcases.VerifyUserMenu -->
